
> web@0.1.0 build
> next build

▲ Next.js 16.1.6 (Turbopack)
- Environments: .env.local

  Creating an optimized production build ...
✓ Compiled successfully in 4.0s
  Running TypeScript ...
  Collecting page data using 19 workers ...
  Generating static pages using 19 workers (0/18) ...
  Generating static pages using 19 workers (4/18) 
  Generating static pages using 19 workers (8/18) 
  Generating static pages using 19 workers (13/18) 
✓ Generating static pages using 19 workers (18/18) in 573.3ms
  Finalizing page optimization ...

Route (app)
┌ ○ /
├ ○ /_not-found
├ ○ /admin
├ ○ /admin/audit
├ ○ /admin/disputes
├ ○ /admin/overview
├ ○ /admin/payments
├ ○ /admin/users
├ ○ /admin/verifications
├ ○ /auth/login
├ ○ /bookings
├ ƒ /bookings/[id]
├ ƒ /bookings/[id]/chat
├ ○ /bookings/requests
├ ○ /dashboard
├ ○ /dashboard/payouts
├ ƒ /items/[id]
├ ○ /items/create
├ ○ /profile
└ ƒ /users/[id]


○  (Static)   prerendered as static content
ƒ  (Dynamic)  server-rendered on demand

